2018-11-09 16:13:59,240ERROR   :execute failed: select *
                         from check_t
                         where checkInDate = str_to_date(%s, '%Y-%m-%d')
                         and userName = %s
2018-11-09 16:13:59,240ERROR   :execute failed: select *
                         from check_t
                         where checkInDate = str_to_date(%s, '%Y-%m-%d')
                         and userName = %s
2018-11-09 16:14:00,431ERROR   :execute failed: select *
                         from check_t
                         where checkInDate = str_to_date(%s, '%Y-%m-%d')
                         and userName = %s
2018-11-09 16:14:00,433ERROR   :execute failed: select *
                         from check_t
                         where checkInDate = str_to_date(%s, '%Y-%m-%d')
                         and userName = %s
2018-11-09 16:14:01,392ERROR   :execute failed: select *
                         from check_t
                         where checkInDate = str_to_date(%s, '%Y-%m-%d')
                         and userName = %s
2018-11-09 16:14:01,392ERROR   :execute failed: select *
                         from check_t
                         where checkInDate = str_to_date(%s, '%Y-%m-%d')
                         and userName = %s
2018-11-09 16:19:58,821ERROR   :execute failed: insert into check_t values(%s, %s, %s)
2018-11-09 16:19:58,821ERROR   :params: (u'xuhuanmin', '2018-11-09', '16:20:01')
2018-11-09 16:21:19,976ERROR   :execute failed: insert into check_t(userName, checkInDate, checkInTime) values(%s, %s, %s)
2018-11-09 16:21:19,976ERROR   :params: (u'xuhuanmin', '2018-11-09', '16:21:22')
2018-11-09 16:24:15,048ERROR   :execute failed: insert into check_t (userName, checkInDate, checkInTime) values ('%s', '%s', '%s')
2018-11-09 16:24:15,048ERROR   :params: (u'xuhuanmin', '2018-11-09', '16:24:17')
2018-11-09 16:25:18,526ERROR   :execute failed: insert into check_t (userName, checkInDate, checkInTime) values (%s, %s, %s)
2018-11-09 16:25:18,526ERROR   :params: (u'xuhuanmin', '2018-11-09', '16:25:20')
2018-11-09 16:26:35,750ERROR   :execute failed: insert into check_t (userName, checkInDate, checkInTime) values (%s, %s, %s)
2018-11-09 16:26:35,750ERROR   :params: (u'xuhuanmin', '2018-11-09', '16:26:37')
